2022-08-12 10:26:08,430 INFO  [Log] ************* testCheckLogin() Test Initiated ************* 
2022-08-12 10:26:08,430 INFO  [Log]               testCheckLogin() PASSED 
2022-08-12 10:26:08,430 INFO  [Log] ************* testCheckLogin() Test Finished *************
 
2022-08-12 10:26:12,992 INFO  [Log] ************* testSearchBook() Test Initiated ************* 
2022-08-12 10:26:12,992 INFO  [Log]               testSearchBook() PASSED 
2022-08-12 10:26:12,992 INFO  [Log] ************* testSearchBook() Test Finished *************
 
2022-08-12 10:26:38,979 INFO  [Log] ************* testSelectRandomBook() Test Initiated ************* 
2022-08-12 10:26:38,979 ERROR [Log]               testSelectRandomBook() FAILED with cause : no such element: Unable to locate element: {"method":"xpath","selector":"//img[contains(@src,'wi:220')]"}
  (Session info: chrome=104.0.5112.81)
For documentation on this error, please visit: https://selenium.dev/exceptions/#no_such_element
Build info: version: '4.3.0', revision: 'a4995e2c09*'
System info: host: 'KEREMYAKUT', ip: '10.135.32.30', os.name: 'Windows 11', os.arch: 'amd64', os.version: '10.0', java.version: '18.0.1.1'
Driver info: org.openqa.selenium.chrome.ChromeDriver
Command: [f38be24ae151aab75b5c04821f2ddc92, findElement {using=xpath, value=//img[contains(@src,'wi:220')]}]
Capabilities {acceptInsecureCerts: false, browserName: chrome, browserVersion: 104.0.5112.81, chrome: {chromedriverVersion: 104.0.5112.79 (3cf3e8c8a07d..., userDataDir: C:\Users\kerem\AppData\Loca...}, goog:chromeOptions: {debuggerAddress: localhost:59563}, networkConnectionEnabled: false, pageLoadStrategy: normal, platformName: WINDOWS, proxy: Proxy(), se:cdp: ws://localhost:59563/devtoo..., se:cdpVersion: 104.0.5112.81, setWindowRect: true, strictFileInteractability: false, timeouts: {implicit: 0, pageLoad: 300000, script: 30000}, unhandledPromptBehavior: dismiss and notify, webauthn:extension:credBlob: true, webauthn:extension:largeBlob: true, webauthn:virtualAuthenticators: true}
Session ID: f38be24ae151aab75b5c04821f2ddc92 
2022-08-12 10:26:38,982 INFO  [Log] ************* testSelectRandomBook() Test Finished *************
 
2022-08-12 10:26:45,512 INFO  [Log] ************* testAddToCart() Test Initiated ************* 
2022-08-12 10:26:45,512 INFO  [Log]               testAddToCart() PASSED 
2022-08-12 10:26:45,512 INFO  [Log] ************* testAddToCart() Test Finished *************
 
2022-08-12 10:26:48,835 INFO  [Log] ************* testDoubleTheCart() Test Initiated ************* 
2022-08-12 10:26:48,835 INFO  [Log]               testDoubleTheCart() PASSED 
2022-08-12 10:26:48,835 INFO  [Log] ************* testDoubleTheCart() Test Finished *************
 
2022-08-12 10:26:57,802 INFO  [Log] ************* testAddAddress() Test Initiated ************* 
2022-08-12 10:26:57,802 INFO  [Log]               testAddAddress() PASSED 
2022-08-12 10:26:57,802 INFO  [Log] ************* testAddAddress() Test Finished *************
 
2022-08-12 10:27:00,727 INFO  [Log] ************* testSelectShipmentCompany() Test Initiated ************* 
2022-08-12 10:27:00,727 INFO  [Log]               testSelectShipmentCompany() PASSED 
2022-08-12 10:27:00,727 INFO  [Log] ************* testSelectShipmentCompany() Test Finished *************
 
2022-08-12 10:27:05,710 INFO  [Log] ************* testRemoveFromCart() Test Initiated ************* 
2022-08-12 10:27:05,710 INFO  [Log]               testRemoveFromCart() PASSED 
2022-08-12 10:27:05,710 INFO  [Log] ************* testRemoveFromCart() Test Finished *************
 
2022-08-12 10:27:08,353 INFO  [Log] ************* testDeleteAddress() Test Initiated ************* 
2022-08-12 10:27:08,353 INFO  [Log]               testDeleteAddress() PASSED 
2022-08-12 10:27:08,353 INFO  [Log] ************* testDeleteAddress() Test Finished *************
 
2022-08-12 10:27:10,997 INFO  [Log] ************* testLogout() Test Initiated ************* 
2022-08-12 10:27:10,998 INFO  [Log]               testLogout() PASSED 
2022-08-12 10:27:10,998 INFO  [Log] ************* testLogout() Test Finished *************
 
2022-08-12 10:52:34,030 INFO  [Log] ************* testCheckLogin() Test Initiated ************* 
2022-08-12 10:52:34,030 INFO  [Log]               testCheckLogin() PASSED 
2022-08-12 10:52:34,030 INFO  [Log] ************* testCheckLogin() Test Finished *************
 
2022-08-12 10:52:38,291 INFO  [Log] ************* testSearchBook() Test Initiated ************* 
2022-08-12 10:52:38,291 INFO  [Log]               testSearchBook() PASSED 
2022-08-12 10:52:38,291 INFO  [Log] ************* testSearchBook() Test Finished *************
 
2022-08-12 10:52:47,229 INFO  [Log] ************* testSelectRandomBook() Test Initiated ************* 
2022-08-12 10:52:47,229 INFO  [Log]               testSelectRandomBook() PASSED 
2022-08-12 10:52:47,229 INFO  [Log] ************* testSelectRandomBook() Test Finished *************
 
2022-08-12 10:52:54,501 INFO  [Log] ************* testAddToCart() Test Initiated ************* 
2022-08-12 10:52:54,501 INFO  [Log]               testAddToCart() PASSED 
2022-08-12 10:52:54,501 INFO  [Log] ************* testAddToCart() Test Finished *************
 
2022-08-12 10:52:57,923 INFO  [Log] ************* testDoubleTheCart() Test Initiated ************* 
2022-08-12 10:52:57,923 INFO  [Log]               testDoubleTheCart() PASSED 
2022-08-12 10:52:57,923 INFO  [Log] ************* testDoubleTheCart() Test Finished *************
 
2022-08-12 10:53:06,844 INFO  [Log] ************* testAddAddress() Test Initiated ************* 
2022-08-12 10:53:06,844 INFO  [Log]               testAddAddress() PASSED 
2022-08-12 10:53:06,844 INFO  [Log] ************* testAddAddress() Test Finished *************
 
2022-08-12 10:53:09,836 INFO  [Log] ************* testSelectShipmentCompany() Test Initiated ************* 
2022-08-12 10:53:09,836 INFO  [Log]               testSelectShipmentCompany() PASSED 
2022-08-12 10:53:09,836 INFO  [Log] ************* testSelectShipmentCompany() Test Finished *************
 
2022-08-12 10:53:14,748 INFO  [Log] ************* testRemoveFromCart() Test Initiated ************* 
2022-08-12 10:53:14,748 INFO  [Log]               testRemoveFromCart() PASSED 
2022-08-12 10:53:14,748 INFO  [Log] ************* testRemoveFromCart() Test Finished *************
 
2022-08-12 10:53:14,750 INFO  [Log] ************* testDeleteAddress() Test Initiated ************* 
2022-08-12 10:53:14,750 INFO  [Log]               testDeleteAddress() PASSED 
2022-08-12 10:53:14,750 INFO  [Log] ************* testDeleteAddress() Test Finished *************
 
2022-08-12 10:53:34,810 INFO  [Log] ************* testLogout() Test Initiated ************* 
2022-08-12 10:53:34,810 ERROR [Log]               testLogout() FAILED with cause : no such element: Unable to locate element: {"method":"xpath","selector":"//a[contains(@href,'login')]"}
  (Session info: chrome=104.0.5112.81)
For documentation on this error, please visit: https://selenium.dev/exceptions/#no_such_element
Build info: version: '4.3.0', revision: 'a4995e2c09*'
System info: host: 'KEREMYAKUT', ip: '10.135.32.30', os.name: 'Windows 11', os.arch: 'amd64', os.version: '10.0', java.version: '18.0.1.1'
Driver info: org.openqa.selenium.chrome.ChromeDriver
Command: [c52493baaa474624a3539c4b7e374385, findElement {using=xpath, value=//a[contains(@href,'login')]}]
Capabilities {acceptInsecureCerts: false, browserName: chrome, browserVersion: 104.0.5112.81, chrome: {chromedriverVersion: 104.0.5112.79 (3cf3e8c8a07d..., userDataDir: C:\Users\kerem\AppData\Loca...}, goog:chromeOptions: {debuggerAddress: localhost:59989}, networkConnectionEnabled: false, pageLoadStrategy: normal, platformName: WINDOWS, proxy: Proxy(), se:cdp: ws://localhost:59989/devtoo..., se:cdpVersion: 104.0.5112.81, setWindowRect: true, strictFileInteractability: false, timeouts: {implicit: 0, pageLoad: 300000, script: 30000}, unhandledPromptBehavior: dismiss and notify, webauthn:extension:credBlob: true, webauthn:extension:largeBlob: true, webauthn:virtualAuthenticators: true}
Session ID: c52493baaa474624a3539c4b7e374385 
2022-08-12 10:53:34,810 INFO  [Log] ************* testLogout() Test Finished *************
 
2022-08-12 10:58:12,420 INFO  [Log] ************* testCheckLogin() Test Initiated ************* 
2022-08-12 10:58:12,420 INFO  [Log]               testCheckLogin() PASSED 
2022-08-12 10:58:12,420 INFO  [Log] ************* testCheckLogin() Test Finished *************
 
2022-08-12 10:58:17,034 INFO  [Log] ************* testSearchBook() Test Initiated ************* 
2022-08-12 10:58:17,034 INFO  [Log]               testSearchBook() PASSED 
2022-08-12 10:58:17,034 INFO  [Log] ************* testSearchBook() Test Finished *************
 
2022-08-12 10:58:23,309 INFO  [Log] ************* testSelectRandomBook() Test Initiated ************* 
2022-08-12 10:58:23,309 INFO  [Log]               testSelectRandomBook() PASSED 
2022-08-12 10:58:23,309 INFO  [Log] ************* testSelectRandomBook() Test Finished *************
 
2022-08-12 10:58:31,369 INFO  [Log] ************* testAddToCart() Test Initiated ************* 
2022-08-12 10:58:31,369 INFO  [Log]               testAddToCart() PASSED 
2022-08-12 10:58:31,369 INFO  [Log] ************* testAddToCart() Test Finished *************
 
2022-08-12 10:58:35,794 INFO  [Log] ************* testDoubleTheCart() Test Initiated ************* 
2022-08-12 10:58:35,794 INFO  [Log]               testDoubleTheCart() PASSED 
2022-08-12 10:58:35,794 INFO  [Log] ************* testDoubleTheCart() Test Finished *************
 
2022-08-12 10:58:44,721 INFO  [Log] ************* testAddAddress() Test Initiated ************* 
2022-08-12 10:58:44,721 INFO  [Log]               testAddAddress() PASSED 
2022-08-12 10:58:44,721 INFO  [Log] ************* testAddAddress() Test Finished *************
 
2022-08-12 10:58:47,541 INFO  [Log] ************* testSelectShipmentCompany() Test Initiated ************* 
2022-08-12 10:58:47,541 INFO  [Log]               testSelectShipmentCompany() PASSED 
2022-08-12 10:58:47,541 INFO  [Log] ************* testSelectShipmentCompany() Test Finished *************
 
2022-08-12 10:58:52,413 INFO  [Log] ************* testRemoveFromCart() Test Initiated ************* 
2022-08-12 10:58:52,413 INFO  [Log]               testRemoveFromCart() PASSED 
2022-08-12 10:58:52,413 INFO  [Log] ************* testRemoveFromCart() Test Finished *************
 
2022-08-12 10:58:54,495 INFO  [Log] ************* testDeleteAddress() Test Initiated ************* 
2022-08-12 10:58:54,495 INFO  [Log]               testDeleteAddress() PASSED 
2022-08-12 10:58:54,495 INFO  [Log] ************* testDeleteAddress() Test Finished *************
 
2022-08-12 10:58:56,634 INFO  [Log] ************* testLogout() Test Initiated ************* 
2022-08-12 10:58:56,634 INFO  [Log]               testLogout() PASSED 
2022-08-12 10:58:56,634 INFO  [Log] ************* testLogout() Test Finished *************
 
2022-08-12 10:59:47,518 INFO  [Log] ************* testCheckLogin() Test Initiated ************* 
2022-08-12 10:59:47,518 INFO  [Log]               testCheckLogin() PASSED 
2022-08-12 10:59:47,518 INFO  [Log] ************* testCheckLogin() Test Finished *************
 
2022-08-12 10:59:51,671 INFO  [Log] ************* testSearchBook() Test Initiated ************* 
2022-08-12 10:59:51,671 INFO  [Log]               testSearchBook() PASSED 
2022-08-12 10:59:51,671 INFO  [Log] ************* testSearchBook() Test Finished *************
 
2022-08-12 10:59:59,435 INFO  [Log] ************* testSelectRandomBook() Test Initiated ************* 
2022-08-12 10:59:59,436 INFO  [Log]               testSelectRandomBook() PASSED 
2022-08-12 10:59:59,436 INFO  [Log] ************* testSelectRandomBook() Test Finished *************
 
2022-08-12 11:00:06,776 INFO  [Log] ************* testAddToCart() Test Initiated ************* 
2022-08-12 11:00:06,776 INFO  [Log]               testAddToCart() PASSED 
2022-08-12 11:00:06,776 INFO  [Log] ************* testAddToCart() Test Finished *************
 
2022-08-12 11:00:11,270 INFO  [Log] ************* testDoubleTheCart() Test Initiated ************* 
2022-08-12 11:00:11,270 INFO  [Log]               testDoubleTheCart() PASSED 
2022-08-12 11:00:11,270 INFO  [Log] ************* testDoubleTheCart() Test Finished *************
 
2022-08-12 11:00:20,200 INFO  [Log] ************* testAddAddress() Test Initiated ************* 
2022-08-12 11:00:20,200 INFO  [Log]               testAddAddress() PASSED 
2022-08-12 11:00:20,200 INFO  [Log] ************* testAddAddress() Test Finished *************
 
2022-08-12 11:00:26,187 INFO  [Log] ************* testSelectShipmentCompany() Test Initiated ************* 
2022-08-12 11:00:26,188 INFO  [Log]               testSelectShipmentCompany() PASSED 
2022-08-12 11:00:26,188 INFO  [Log] ************* testSelectShipmentCompany() Test Finished *************
 
2022-08-12 11:00:31,403 INFO  [Log] ************* testRemoveFromCart() Test Initiated ************* 
2022-08-12 11:00:31,403 INFO  [Log]               testRemoveFromCart() PASSED 
2022-08-12 11:00:31,403 INFO  [Log] ************* testRemoveFromCart() Test Finished *************
 
2022-08-12 11:00:33,211 INFO  [Log] ************* testDeleteAddress() Test Initiated ************* 
2022-08-12 11:00:33,211 INFO  [Log]               testDeleteAddress() PASSED 
2022-08-12 11:00:33,211 INFO  [Log] ************* testDeleteAddress() Test Finished *************
 
2022-08-12 11:00:35,277 INFO  [Log] ************* testLogout() Test Initiated ************* 
2022-08-12 11:00:35,277 INFO  [Log]               testLogout() PASSED 
2022-08-12 11:00:35,277 INFO  [Log] ************* testLogout() Test Finished *************
 
2022-08-12 11:01:26,732 INFO  [Log] ************* testCheckLogin() Test Initiated ************* 
2022-08-12 11:01:26,733 INFO  [Log]               testCheckLogin() PASSED 
2022-08-12 11:01:26,733 INFO  [Log] ************* testCheckLogin() Test Finished *************
 
2022-08-12 11:01:31,068 INFO  [Log] ************* testSearchBook() Test Initiated ************* 
2022-08-12 11:01:31,068 INFO  [Log]               testSearchBook() PASSED 
2022-08-12 11:01:31,068 INFO  [Log] ************* testSearchBook() Test Finished *************
 
2022-08-12 11:01:38,323 INFO  [Log] ************* testSelectRandomBook() Test Initiated ************* 
2022-08-12 11:01:38,323 INFO  [Log]               testSelectRandomBook() PASSED 
2022-08-12 11:01:38,323 INFO  [Log] ************* testSelectRandomBook() Test Finished *************
 
2022-08-12 11:01:45,321 INFO  [Log] ************* testAddToCart() Test Initiated ************* 
2022-08-12 11:01:45,321 INFO  [Log]               testAddToCart() PASSED 
2022-08-12 11:01:45,321 INFO  [Log] ************* testAddToCart() Test Finished *************
 
2022-08-12 11:01:49,915 INFO  [Log] ************* testDoubleTheCart() Test Initiated ************* 
2022-08-12 11:01:49,915 INFO  [Log]               testDoubleTheCart() PASSED 
2022-08-12 11:01:49,915 INFO  [Log] ************* testDoubleTheCart() Test Finished *************
 
2022-08-12 11:01:58,865 INFO  [Log] ************* testAddAddress() Test Initiated ************* 
2022-08-12 11:01:58,865 INFO  [Log]               testAddAddress() PASSED 
2022-08-12 11:01:58,865 INFO  [Log] ************* testAddAddress() Test Finished *************
 
2022-08-12 11:02:01,714 INFO  [Log] ************* testSelectShipmentCompany() Test Initiated ************* 
2022-08-12 11:02:01,714 INFO  [Log]               testSelectShipmentCompany() PASSED 
2022-08-12 11:02:01,714 INFO  [Log] ************* testSelectShipmentCompany() Test Finished *************
 
2022-08-12 11:02:06,763 INFO  [Log] ************* testRemoveFromCart() Test Initiated ************* 
2022-08-12 11:02:06,763 INFO  [Log]               testRemoveFromCart() PASSED 
2022-08-12 11:02:06,763 INFO  [Log] ************* testRemoveFromCart() Test Finished *************
 
2022-08-12 11:02:08,377 INFO  [Log] ************* testDeleteAddress() Test Initiated ************* 
2022-08-12 11:02:08,378 ERROR [Log]               testDeleteAddress() FAILED with cause : Invalid Addresses ==> expected: <true> but was: <false> 
2022-08-12 11:02:08,378 INFO  [Log] ************* testDeleteAddress() Test Finished *************
 
2022-08-12 11:02:11,073 INFO  [Log] ************* testLogout() Test Initiated ************* 
2022-08-12 11:02:11,073 INFO  [Log]               testLogout() PASSED 
2022-08-12 11:02:11,073 INFO  [Log] ************* testLogout() Test Finished *************
 
2022-08-12 11:06:09,032 INFO  [Log] ************* testCheckLogin() Test Initiated ************* 
2022-08-12 11:06:09,032 INFO  [Log]               testCheckLogin() PASSED 
2022-08-12 11:06:09,032 INFO  [Log] ************* testCheckLogin() Test Finished *************
 
2022-08-12 11:06:13,266 INFO  [Log] ************* testSearchBook() Test Initiated ************* 
2022-08-12 11:06:13,266 INFO  [Log]               testSearchBook() PASSED 
2022-08-12 11:06:13,266 INFO  [Log] ************* testSearchBook() Test Finished *************
 
2022-08-12 11:06:19,093 INFO  [Log] ************* testSelectRandomBook() Test Initiated ************* 
2022-08-12 11:06:19,093 INFO  [Log]               testSelectRandomBook() PASSED 
2022-08-12 11:06:19,093 INFO  [Log] ************* testSelectRandomBook() Test Finished *************
 
2022-08-12 11:06:27,555 INFO  [Log] ************* testAddToCart() Test Initiated ************* 
2022-08-12 11:06:27,555 INFO  [Log]               testAddToCart() PASSED 
2022-08-12 11:06:27,555 INFO  [Log] ************* testAddToCart() Test Finished *************
 
2022-08-12 11:06:32,653 INFO  [Log] ************* testDoubleTheCart() Test Initiated ************* 
2022-08-12 11:06:32,653 INFO  [Log]               testDoubleTheCart() PASSED 
2022-08-12 11:06:32,653 INFO  [Log] ************* testDoubleTheCart() Test Finished *************
 
2022-08-12 11:06:41,569 INFO  [Log] ************* testAddAddress() Test Initiated ************* 
2022-08-12 11:06:41,569 INFO  [Log]               testAddAddress() PASSED 
2022-08-12 11:06:41,569 INFO  [Log] ************* testAddAddress() Test Finished *************
 
2022-08-12 11:06:44,050 INFO  [Log] ************* testSelectShipmentCompany() Test Initiated ************* 
2022-08-12 11:06:44,050 INFO  [Log]               testSelectShipmentCompany() PASSED 
2022-08-12 11:06:44,050 INFO  [Log] ************* testSelectShipmentCompany() Test Finished *************
 
2022-08-12 11:06:44,052 INFO  [Log] testRemoveFromCart() Test Disabled 
2022-08-12 11:06:44,054 INFO  [Log] testDeleteAddress() Test Disabled 
2022-08-12 11:06:44,056 INFO  [Log] testLogout() Test Disabled 
2022-08-12 11:12:29,762 INFO  [Log] ************* testCheckLogin() Test Initiated ************* 
2022-08-12 11:12:29,762 INFO  [Log]               testCheckLogin() PASSED 
2022-08-12 11:12:29,762 INFO  [Log] ************* testCheckLogin() Test Finished *************
 
2022-08-12 11:12:34,081 INFO  [Log] ************* testSearchBook() Test Initiated ************* 
2022-08-12 11:12:34,082 INFO  [Log]               testSearchBook() PASSED 
2022-08-12 11:12:34,082 INFO  [Log] ************* testSearchBook() Test Finished *************
 
2022-08-12 11:12:41,651 INFO  [Log] ************* testSelectRandomBook() Test Initiated ************* 
2022-08-12 11:12:41,651 INFO  [Log]               testSelectRandomBook() PASSED 
2022-08-12 11:12:41,651 INFO  [Log] ************* testSelectRandomBook() Test Finished *************
 
2022-08-12 11:12:48,647 INFO  [Log] ************* testAddToCart() Test Initiated ************* 
2022-08-12 11:12:48,647 INFO  [Log]               testAddToCart() PASSED 
2022-08-12 11:12:48,647 INFO  [Log] ************* testAddToCart() Test Finished *************
 
2022-08-12 11:12:52,097 INFO  [Log] ************* testDoubleTheCart() Test Initiated ************* 
2022-08-12 11:12:52,097 INFO  [Log]               testDoubleTheCart() PASSED 
2022-08-12 11:12:52,097 INFO  [Log] ************* testDoubleTheCart() Test Finished *************
 
2022-08-12 11:13:01,072 INFO  [Log] ************* testAddAddress() Test Initiated ************* 
2022-08-12 11:13:01,072 INFO  [Log]               testAddAddress() PASSED 
2022-08-12 11:13:01,072 INFO  [Log] ************* testAddAddress() Test Finished *************
 
2022-08-12 11:13:24,144 INFO  [Log] ************* testSelectShipmentCompany() Test Initiated ************* 
2022-08-12 11:13:24,144 ERROR [Log]               testSelectShipmentCompany() FAILED with cause : no such element: Unable to locate element: {"method":"link text","selector":"PTT Kargo:"}
  (Session info: chrome=104.0.5112.81)
For documentation on this error, please visit: https://selenium.dev/exceptions/#no_such_element
Build info: version: '4.3.0', revision: 'a4995e2c09*'
System info: host: 'KEREMYAKUT', ip: '10.135.32.30', os.name: 'Windows 11', os.arch: 'amd64', os.version: '10.0', java.version: '18.0.1.1'
Driver info: org.openqa.selenium.chrome.ChromeDriver
Command: [ce490027d2557b602be4e25e02a977d2, findElement {using=link text, value=PTT Kargo:}]
Capabilities {acceptInsecureCerts: false, browserName: chrome, browserVersion: 104.0.5112.81, chrome: {chromedriverVersion: 104.0.5112.79 (3cf3e8c8a07d..., userDataDir: C:\Users\kerem\AppData\Loca...}, goog:chromeOptions: {debuggerAddress: localhost:60896}, networkConnectionEnabled: false, pageLoadStrategy: normal, platformName: WINDOWS, proxy: Proxy(), se:cdp: ws://localhost:60896/devtoo..., se:cdpVersion: 104.0.5112.81, setWindowRect: true, strictFileInteractability: false, timeouts: {implicit: 0, pageLoad: 300000, script: 30000}, unhandledPromptBehavior: dismiss and notify, webauthn:extension:credBlob: true, webauthn:extension:largeBlob: true, webauthn:virtualAuthenticators: true}
Session ID: ce490027d2557b602be4e25e02a977d2 
2022-08-12 11:13:24,144 INFO  [Log] ************* testSelectShipmentCompany() Test Finished *************
 
2022-08-12 11:13:24,159 INFO  [Log] testRemoveFromCart() Test Disabled 
2022-08-12 11:13:24,159 INFO  [Log] testDeleteAddress() Test Disabled 
2022-08-12 11:13:24,159 INFO  [Log] testLogout() Test Disabled 
2022-08-12 11:15:14,618 INFO  [Log] ************* testCheckLogin() Test Initiated ************* 
2022-08-12 11:15:14,618 INFO  [Log]               testCheckLogin() PASSED 
2022-08-12 11:15:14,618 INFO  [Log] ************* testCheckLogin() Test Finished *************
 
2022-08-12 11:15:18,832 INFO  [Log] ************* testSearchBook() Test Initiated ************* 
2022-08-12 11:15:18,832 INFO  [Log]               testSearchBook() PASSED 
2022-08-12 11:15:18,832 INFO  [Log] ************* testSearchBook() Test Finished *************
 
2022-08-12 11:15:26,621 INFO  [Log] ************* testSelectRandomBook() Test Initiated ************* 
2022-08-12 11:15:26,621 INFO  [Log]               testSelectRandomBook() PASSED 
2022-08-12 11:15:26,621 INFO  [Log] ************* testSelectRandomBook() Test Finished *************
 
2022-08-12 11:15:33,503 INFO  [Log] ************* testAddToCart() Test Initiated ************* 
2022-08-12 11:15:33,503 INFO  [Log]               testAddToCart() PASSED 
2022-08-12 11:15:33,503 INFO  [Log] ************* testAddToCart() Test Finished *************
 
2022-08-12 11:15:38,825 INFO  [Log] ************* testDoubleTheCart() Test Initiated ************* 
2022-08-12 11:15:38,825 INFO  [Log]               testDoubleTheCart() PASSED 
2022-08-12 11:15:38,825 INFO  [Log] ************* testDoubleTheCart() Test Finished *************
 
2022-08-12 11:15:47,843 INFO  [Log] ************* testAddAddress() Test Initiated ************* 
2022-08-12 11:15:47,843 INFO  [Log]               testAddAddress() PASSED 
2022-08-12 11:15:47,843 INFO  [Log] ************* testAddAddress() Test Finished *************
 
2022-08-12 11:16:10,893 INFO  [Log] ************* testSelectShipmentCompany() Test Initiated ************* 
2022-08-12 11:16:10,893 ERROR [Log]               testSelectShipmentCompany() FAILED with cause : no such element: Unable to locate element: {"method":"partial link text","selector":"PTT Kargo:"}
  (Session info: chrome=104.0.5112.81)
For documentation on this error, please visit: https://selenium.dev/exceptions/#no_such_element
Build info: version: '4.3.0', revision: 'a4995e2c09*'
System info: host: 'KEREMYAKUT', ip: '10.135.32.30', os.name: 'Windows 11', os.arch: 'amd64', os.version: '10.0', java.version: '18.0.1.1'
Driver info: org.openqa.selenium.chrome.ChromeDriver
Command: [d7b17c74f09c290d8d41d540eebe52d1, findElement {using=partial link text, value=PTT Kargo:}]
Capabilities {acceptInsecureCerts: false, browserName: chrome, browserVersion: 104.0.5112.81, chrome: {chromedriverVersion: 104.0.5112.79 (3cf3e8c8a07d..., userDataDir: C:\Users\kerem\AppData\Loca...}, goog:chromeOptions: {debuggerAddress: localhost:61015}, networkConnectionEnabled: false, pageLoadStrategy: normal, platformName: WINDOWS, proxy: Proxy(), se:cdp: ws://localhost:61015/devtoo..., se:cdpVersion: 104.0.5112.81, setWindowRect: true, strictFileInteractability: false, timeouts: {implicit: 0, pageLoad: 300000, script: 30000}, unhandledPromptBehavior: dismiss and notify, webauthn:extension:credBlob: true, webauthn:extension:largeBlob: true, webauthn:virtualAuthenticators: true}
Session ID: d7b17c74f09c290d8d41d540eebe52d1 
2022-08-12 11:16:10,893 INFO  [Log] ************* testSelectShipmentCompany() Test Finished *************
 
2022-08-12 11:16:10,909 INFO  [Log] testRemoveFromCart() Test Disabled 
2022-08-12 11:16:10,909 INFO  [Log] testDeleteAddress() Test Disabled 
2022-08-12 11:16:10,909 INFO  [Log] testLogout() Test Disabled 
2022-08-12 13:17:34,231 INFO  [Log] ************* testCheckLogin() Test Initiated ************* 
2022-08-12 13:17:34,231 INFO  [Log]               testCheckLogin() PASSED 
2022-08-12 13:17:34,231 INFO  [Log] ************* testCheckLogin() Test Finished *************
 
2022-08-12 13:17:38,483 INFO  [Log] ************* testSearchBook() Test Initiated ************* 
2022-08-12 13:17:38,483 INFO  [Log]               testSearchBook() PASSED 
2022-08-12 13:17:38,483 INFO  [Log] ************* testSearchBook() Test Finished *************
 
2022-08-12 13:17:45,592 INFO  [Log] ************* testSelectRandomBook() Test Initiated ************* 
2022-08-12 13:17:45,592 INFO  [Log]               testSelectRandomBook() PASSED 
2022-08-12 13:17:45,592 INFO  [Log] ************* testSelectRandomBook() Test Finished *************
 
2022-08-12 13:17:53,629 INFO  [Log] ************* testAddToCart() Test Initiated ************* 
2022-08-12 13:17:53,629 ERROR [Log]               testAddToCart() FAILED with cause : Invalid Cart ==> expected: <true> but was: <false> 
2022-08-12 13:17:53,629 INFO  [Log] ************* testAddToCart() Test Finished *************
 
2022-08-12 13:18:19,545 INFO  [Log] ************* testDoubleTheCart() Test Initiated ************* 
2022-08-12 13:18:19,545 ERROR [Log]               testDoubleTheCart() FAILED with cause : no such element: Unable to locate element: {"method":"css selector","selector":"*[name='quantity']"}
  (Session info: chrome=104.0.5112.81)
For documentation on this error, please visit: https://selenium.dev/exceptions/#no_such_element
Build info: version: '4.3.0', revision: 'a4995e2c09*'
System info: host: 'KEREMYAKUT', ip: '10.135.32.30', os.name: 'Windows 11', os.arch: 'amd64', os.version: '10.0', java.version: '18.0.1.1'
Driver info: org.openqa.selenium.chrome.ChromeDriver
Command: [8d24f1ef1bb564301e0ae3a12871f447, findElement {using=name, value=quantity}]
Capabilities {acceptInsecureCerts: false, browserName: chrome, browserVersion: 104.0.5112.81, chrome: {chromedriverVersion: 104.0.5112.79 (3cf3e8c8a07d..., userDataDir: C:\Users\kerem\AppData\Loca...}, goog:chromeOptions: {debuggerAddress: localhost:56398}, networkConnectionEnabled: false, pageLoadStrategy: normal, platformName: WINDOWS, proxy: Proxy(), se:cdp: ws://localhost:56398/devtoo..., se:cdpVersion: 104.0.5112.81, setWindowRect: true, strictFileInteractability: false, timeouts: {implicit: 0, pageLoad: 300000, script: 30000}, unhandledPromptBehavior: dismiss and notify, webauthn:extension:credBlob: true, webauthn:extension:largeBlob: true, webauthn:virtualAuthenticators: true}
Session ID: 8d24f1ef1bb564301e0ae3a12871f447 
2022-08-12 13:18:19,545 INFO  [Log] ************* testDoubleTheCart() Test Finished *************
 
2022-08-12 13:18:30,031 INFO  [Log] ************* testAddAddress() Test Initiated ************* 
2022-08-12 13:18:30,031 INFO  [Log]               testAddAddress() PASSED 
2022-08-12 13:18:30,031 INFO  [Log] ************* testAddAddress() Test Finished *************
 
2022-08-12 13:18:33,417 INFO  [Log] ************* testSelectShipmentCompany() Test Initiated ************* 
2022-08-12 13:18:33,417 INFO  [Log]               testSelectShipmentCompany() PASSED 
2022-08-12 13:18:33,417 INFO  [Log] ************* testSelectShipmentCompany() Test Finished *************
 
2022-08-12 13:18:38,731 INFO  [Log] ************* testRemoveFromCart() Test Initiated ************* 
2022-08-12 13:18:38,731 INFO  [Log]               testRemoveFromCart() PASSED 
2022-08-12 13:18:38,731 INFO  [Log] ************* testRemoveFromCart() Test Finished *************
 
2022-08-12 13:18:41,544 INFO  [Log] ************* testDeleteAddress() Test Initiated ************* 
2022-08-12 13:18:41,544 INFO  [Log]               testDeleteAddress() PASSED 
2022-08-12 13:18:41,544 INFO  [Log] ************* testDeleteAddress() Test Finished *************
 
2022-08-12 13:18:44,534 INFO  [Log] ************* testLogout() Test Initiated ************* 
2022-08-12 13:18:44,534 INFO  [Log]               testLogout() PASSED 
2022-08-12 13:18:44,534 INFO  [Log] ************* testLogout() Test Finished *************
 
2022-08-12 13:21:07,476 INFO  [Log] ************* testCheckLogin() Test Initiated ************* 
2022-08-12 13:21:07,476 INFO  [Log]               testCheckLogin() PASSED 
2022-08-12 13:21:07,476 INFO  [Log] ************* testCheckLogin() Test Finished *************
 
2022-08-12 13:21:12,186 INFO  [Log] ************* testSearchBook() Test Initiated ************* 
2022-08-12 13:21:12,186 INFO  [Log]               testSearchBook() PASSED 
2022-08-12 13:21:12,186 INFO  [Log] ************* testSearchBook() Test Finished *************
 
2022-08-12 13:21:22,528 INFO  [Log] ************* testSelectRandomBook() Test Initiated ************* 
2022-08-12 13:21:22,528 INFO  [Log]               testSelectRandomBook() PASSED 
2022-08-12 13:21:22,528 INFO  [Log] ************* testSelectRandomBook() Test Finished *************
 
2022-08-12 13:21:31,207 INFO  [Log] ************* testAddToCart() Test Initiated ************* 
2022-08-12 13:21:31,207 ERROR [Log]               testAddToCart() FAILED with cause : Invalid Cart ==> expected: <true> but was: <false> 
2022-08-12 13:21:31,207 INFO  [Log] ************* testAddToCart() Test Finished *************
 
2022-08-12 13:21:57,133 INFO  [Log] ************* testDoubleTheCart() Test Initiated ************* 
2022-08-12 13:21:57,133 ERROR [Log]               testDoubleTheCart() FAILED with cause : no such element: Unable to locate element: {"method":"css selector","selector":"*[name='quantity']"}
  (Session info: chrome=104.0.5112.81)
For documentation on this error, please visit: https://selenium.dev/exceptions/#no_such_element
Build info: version: '4.3.0', revision: 'a4995e2c09*'
System info: host: 'KEREMYAKUT', ip: '10.135.32.30', os.name: 'Windows 11', os.arch: 'amd64', os.version: '10.0', java.version: '18.0.1.1'
Driver info: org.openqa.selenium.chrome.ChromeDriver
Command: [a88c4a5336415e74f0e9c110ff876c35, findElement {using=name, value=quantity}]
Capabilities {acceptInsecureCerts: false, browserName: chrome, browserVersion: 104.0.5112.81, chrome: {chromedriverVersion: 104.0.5112.79 (3cf3e8c8a07d..., userDataDir: C:\Users\kerem\AppData\Loca...}, goog:chromeOptions: {debuggerAddress: localhost:57138}, networkConnectionEnabled: false, pageLoadStrategy: normal, platformName: WINDOWS, proxy: Proxy(), se:cdp: ws://localhost:57138/devtoo..., se:cdpVersion: 104.0.5112.81, setWindowRect: true, strictFileInteractability: false, timeouts: {implicit: 0, pageLoad: 300000, script: 30000}, unhandledPromptBehavior: dismiss and notify, webauthn:extension:credBlob: true, webauthn:extension:largeBlob: true, webauthn:virtualAuthenticators: true}
Session ID: a88c4a5336415e74f0e9c110ff876c35 
2022-08-12 13:21:57,133 INFO  [Log] ************* testDoubleTheCart() Test Finished *************
 
2022-08-12 13:22:06,050 INFO  [Log] ************* testAddAddress() Test Initiated ************* 
2022-08-12 13:22:06,050 INFO  [Log]               testAddAddress() PASSED 
2022-08-12 13:22:06,050 INFO  [Log] ************* testAddAddress() Test Finished *************
 
2022-08-12 13:22:09,187 INFO  [Log] ************* testSelectShipmentCompany() Test Initiated ************* 
2022-08-12 13:22:09,187 INFO  [Log]               testSelectShipmentCompany() PASSED 
2022-08-12 13:22:09,187 INFO  [Log] ************* testSelectShipmentCompany() Test Finished *************
 
2022-08-12 13:22:14,505 INFO  [Log] ************* testRemoveFromCart() Test Initiated ************* 
2022-08-12 13:22:14,505 INFO  [Log]               testRemoveFromCart() PASSED 
2022-08-12 13:22:14,505 INFO  [Log] ************* testRemoveFromCart() Test Finished *************
 
2022-08-12 13:22:17,589 INFO  [Log] ************* testDeleteAddress() Test Initiated ************* 
2022-08-12 13:22:17,589 INFO  [Log]               testDeleteAddress() PASSED 
2022-08-12 13:22:17,589 INFO  [Log] ************* testDeleteAddress() Test Finished *************
 
2022-08-12 13:22:20,125 INFO  [Log] ************* testLogout() Test Initiated ************* 
2022-08-12 13:22:20,125 INFO  [Log]               testLogout() PASSED 
2022-08-12 13:22:20,125 INFO  [Log] ************* testLogout() Test Finished *************
 
2022-08-12 13:23:05,881 INFO  [Log] ************* testCheckLogin() Test Initiated ************* 
2022-08-12 13:23:05,881 INFO  [Log]               testCheckLogin() PASSED 
2022-08-12 13:23:05,881 INFO  [Log] ************* testCheckLogin() Test Finished *************
 
2022-08-12 13:23:10,892 INFO  [Log] ************* testSearchBook() Test Initiated ************* 
2022-08-12 13:23:10,892 INFO  [Log]               testSearchBook() PASSED 
2022-08-12 13:23:10,892 INFO  [Log] ************* testSearchBook() Test Finished *************
 
2022-08-12 13:23:21,838 INFO  [Log] ************* testSelectRandomBook() Test Initiated ************* 
2022-08-12 13:23:21,838 INFO  [Log]               testSelectRandomBook() PASSED 
2022-08-12 13:23:21,838 INFO  [Log] ************* testSelectRandomBook() Test Finished *************
 
2022-08-12 13:24:20,117 INFO  [Log] ************* testAddToCart() Test Initiated ************* 
2022-08-12 13:24:20,117 ERROR [Log]               testAddToCart() FAILED with cause : Invalid Cart ==> expected: <true> but was: <false> 
2022-08-12 13:24:20,117 INFO  [Log] ************* testAddToCart() Test Finished *************
 
2022-08-12 13:33:20,708 INFO  [Log] ************* testCheckLogin() Test Initiated ************* 
2022-08-12 13:33:20,708 INFO  [Log]               testCheckLogin() PASSED 
2022-08-12 13:33:20,708 INFO  [Log] ************* testCheckLogin() Test Finished *************
 
2022-08-12 13:33:25,448 INFO  [Log] ************* testSearchBook() Test Initiated ************* 
2022-08-12 13:33:25,449 INFO  [Log]               testSearchBook() PASSED 
2022-08-12 13:33:25,449 INFO  [Log] ************* testSearchBook() Test Finished *************
 
2022-08-12 13:33:34,412 INFO  [Log] ************* testSelectRandomBook() Test Initiated ************* 
2022-08-12 13:33:34,412 INFO  [Log]               testSelectRandomBook() PASSED 
2022-08-12 13:33:34,412 INFO  [Log] ************* testSelectRandomBook() Test Finished *************
 
2022-08-12 13:34:15,532 INFO  [Log] ************* testAddToCart() Test Initiated ************* 
2022-08-12 13:34:15,532 INFO  [Log]               testAddToCart() PASSED 
2022-08-12 13:34:15,532 INFO  [Log] ************* testAddToCart() Test Finished *************
 
2022-08-12 13:34:36,020 INFO  [Log] ************* testDoubleTheCart() Test Initiated ************* 
2022-08-12 13:34:36,020 ERROR [Log]               testDoubleTheCart() FAILED with cause : Index 1 out of bounds for length 0 
2022-08-12 13:34:36,021 INFO  [Log] ************* testDoubleTheCart() Test Finished *************
 
2022-08-12 13:34:57,090 INFO  [Log] ************* testAddAddress() Test Initiated ************* 
2022-08-12 13:34:57,091 ERROR [Log]               testAddAddress() FAILED with cause : no such element: Unable to locate element: {"method":"xpath","selector":"//a[contains(@onclick,'new')]"}
  (Session info: chrome=104.0.5112.81)
For documentation on this error, please visit: https://selenium.dev/exceptions/#no_such_element
Build info: version: '4.3.0', revision: 'a4995e2c09*'
System info: host: 'KEREMYAKUT', ip: '10.135.32.30', os.name: 'Windows 11', os.arch: 'amd64', os.version: '10.0', java.version: '18.0.1.1'
Driver info: org.openqa.selenium.chrome.ChromeDriver
Command: [8f281e4c8db7e130db8c9db55c78469c, findElement {using=xpath, value=//a[contains(@onclick,'new')]}]
Capabilities {acceptInsecureCerts: false, browserName: chrome, browserVersion: 104.0.5112.81, chrome: {chromedriverVersion: 104.0.5112.79 (3cf3e8c8a07d..., userDataDir: C:\Users\kerem\AppData\Loca...}, goog:chromeOptions: {debuggerAddress: localhost:59674}, networkConnectionEnabled: false, pageLoadStrategy: normal, platformName: WINDOWS, proxy: Proxy(), se:cdp: ws://localhost:59674/devtoo..., se:cdpVersion: 104.0.5112.81, setWindowRect: true, strictFileInteractability: false, timeouts: {implicit: 0, pageLoad: 300000, script: 30000}, unhandledPromptBehavior: dismiss and notify, webauthn:extension:credBlob: true, webauthn:extension:largeBlob: true, webauthn:virtualAuthenticators: true}
Session ID: 8f281e4c8db7e130db8c9db55c78469c 
2022-08-12 13:34:57,091 INFO  [Log] ************* testAddAddress() Test Finished *************
 
2022-08-12 13:57:46,344 INFO  [Log] ************* testCheckLogin() Test Initiated ************* 
2022-08-12 13:57:46,344 ERROR [Log]               testCheckLogin() FAILED with cause : User Login Failed ==> expected: <true> but was: <false> 
2022-08-12 13:57:46,344 INFO  [Log] ************* testCheckLogin() Test Finished *************
 
2022-08-12 13:57:50,775 INFO  [Log] ************* testSearchBook() Test Initiated ************* 
2022-08-12 13:57:50,775 ERROR [Log]               testSearchBook() FAILED with cause : element click intercepted: Element <span class="common-sprite button-search"></span> is not clickable at point (892, 118). Other element would receive the click: <div style="width: 100%; height: 100%; position: fixed; top: 0px; left: 0px; z-index: 2000000000; background-color: rgb(255, 255, 255); opacity: 0.5;"></div>
  (Session info: chrome=104.0.5112.81)
Build info: version: '4.3.0', revision: 'a4995e2c09*'
System info: host: 'KEREMYAKUT', ip: '172.20.10.2', os.name: 'Windows 11', os.arch: 'amd64', os.version: '10.0', java.version: '18.0.1.1'
Driver info: org.openqa.selenium.chrome.ChromeDriver
Command: [11d5145977cdeb75dd0e2322dc496caa, clickElement {id=9f6b5109-9706-4396-99d9-fe36df4370d3}]
Capabilities {acceptInsecureCerts: false, browserName: chrome, browserVersion: 104.0.5112.81, chrome: {chromedriverVersion: 104.0.5112.79 (3cf3e8c8a07d..., userDataDir: C:\Users\kerem\AppData\Loca...}, goog:chromeOptions: {debuggerAddress: localhost:64102}, networkConnectionEnabled: false, pageLoadStrategy: normal, platformName: WINDOWS, proxy: Proxy(), se:cdp: ws://localhost:64102/devtoo..., se:cdpVersion: 104.0.5112.81, setWindowRect: true, strictFileInteractability: false, timeouts: {implicit: 0, pageLoad: 300000, script: 30000}, unhandledPromptBehavior: dismiss and notify, webauthn:extension:credBlob: true, webauthn:extension:largeBlob: true, webauthn:virtualAuthenticators: true}
Element: [[ChromeDriver: chrome on WINDOWS (11d5145977cdeb75dd0e2322dc496caa)] -> xpath: //span[contains(@class,'search')]]
Session ID: 11d5145977cdeb75dd0e2322dc496caa 
2022-08-12 13:57:50,775 INFO  [Log] ************* testSearchBook() Test Finished *************
 
2022-08-12 13:58:06,502 INFO  [Log] ************* testSelectRandomBook() Test Initiated ************* 
2022-08-12 13:58:06,502 ERROR [Log]               testSelectRandomBook() FAILED with cause : Index: 0 
2022-08-12 13:58:06,502 INFO  [Log] ************* testSelectRandomBook() Test Finished *************
 
2022-08-12 13:58:06,502 INFO  [Log] ************* testAddToCart() Test Initiated ************* 
2022-08-12 13:58:06,502 ERROR [Log]               testAddToCart() FAILED with cause : no such window: target window already closed
from unknown error: web view not found
  (Session info: chrome=104.0.5112.81)
Build info: version: '4.3.0', revision: 'a4995e2c09*'
System info: host: 'KEREMYAKUT', ip: '172.20.10.2', os.name: 'Windows 11', os.arch: 'amd64', os.version: '10.0', java.version: '18.0.1.1'
Driver info: org.openqa.selenium.chrome.ChromeDriver
Command: [11d5145977cdeb75dd0e2322dc496caa, findElement {using=id, value=button-cart}]
Capabilities {acceptInsecureCerts: false, browserName: chrome, browserVersion: 104.0.5112.81, chrome: {chromedriverVersion: 104.0.5112.79 (3cf3e8c8a07d..., userDataDir: C:\Users\kerem\AppData\Loca...}, goog:chromeOptions: {debuggerAddress: localhost:64102}, networkConnectionEnabled: false, pageLoadStrategy: normal, platformName: WINDOWS, proxy: Proxy(), se:cdp: ws://localhost:64102/devtoo..., se:cdpVersion: 104.0.5112.81, setWindowRect: true, strictFileInteractability: false, timeouts: {implicit: 0, pageLoad: 300000, script: 30000}, unhandledPromptBehavior: dismiss and notify, webauthn:extension:credBlob: true, webauthn:extension:largeBlob: true, webauthn:virtualAuthenticators: true}
Session ID: 11d5145977cdeb75dd0e2322dc496caa 
2022-08-12 13:58:06,502 INFO  [Log] ************* testAddToCart() Test Finished *************
 
2022-08-12 13:58:06,518 INFO  [Log] ************* testDoubleTheCart() Test Initiated ************* 
2022-08-12 13:58:06,518 ERROR [Log]               testDoubleTheCart() FAILED with cause : no such window: target window already closed
from unknown error: web view not found
  (Session info: chrome=104.0.5112.81)
Build info: version: '4.3.0', revision: 'a4995e2c09*'
System info: host: 'KEREMYAKUT', ip: '172.20.10.2', os.name: 'Windows 11', os.arch: 'amd64', os.version: '10.0', java.version: '18.0.1.1'
Driver info: org.openqa.selenium.chrome.ChromeDriver
Command: [11d5145977cdeb75dd0e2322dc496caa, findElement {using=name, value=quantity}]
Capabilities {acceptInsecureCerts: false, browserName: chrome, browserVersion: 104.0.5112.81, chrome: {chromedriverVersion: 104.0.5112.79 (3cf3e8c8a07d..., userDataDir: C:\Users\kerem\AppData\Loca...}, goog:chromeOptions: {debuggerAddress: localhost:64102}, networkConnectionEnabled: false, pageLoadStrategy: normal, platformName: WINDOWS, proxy: Proxy(), se:cdp: ws://localhost:64102/devtoo..., se:cdpVersion: 104.0.5112.81, setWindowRect: true, strictFileInteractability: false, timeouts: {implicit: 0, pageLoad: 300000, script: 30000}, unhandledPromptBehavior: dismiss and notify, webauthn:extension:credBlob: true, webauthn:extension:largeBlob: true, webauthn:virtualAuthenticators: true}
Session ID: 11d5145977cdeb75dd0e2322dc496caa 
2022-08-12 13:58:06,518 INFO  [Log] ************* testDoubleTheCart() Test Finished *************
 
2022-08-12 13:58:07,541 INFO  [Log] ************* testAddAddress() Test Initiated ************* 
2022-08-12 13:58:07,548 ERROR [Log]               testAddAddress() FAILED with cause : no such window: target window already closed
from unknown error: web view not found
  (Session info: chrome=104.0.5112.81)
Build info: version: '4.3.0', revision: 'a4995e2c09*'
System info: host: 'KEREMYAKUT', ip: '172.20.10.2', os.name: 'Windows 11', os.arch: 'amd64', os.version: '10.0', java.version: '18.0.1.1'
Driver info: org.openqa.selenium.chrome.ChromeDriver
Command: [11d5145977cdeb75dd0e2322dc496caa, findElement {using=xpath, value=//a[contains(@onclick,'new')]}]
Capabilities {acceptInsecureCerts: false, browserName: chrome, browserVersion: 104.0.5112.81, chrome: {chromedriverVersion: 104.0.5112.79 (3cf3e8c8a07d..., userDataDir: C:\Users\kerem\AppData\Loca...}, goog:chromeOptions: {debuggerAddress: localhost:64102}, networkConnectionEnabled: false, pageLoadStrategy: normal, platformName: WINDOWS, proxy: Proxy(), se:cdp: ws://localhost:64102/devtoo..., se:cdpVersion: 104.0.5112.81, setWindowRect: true, strictFileInteractability: false, timeouts: {implicit: 0, pageLoad: 300000, script: 30000}, unhandledPromptBehavior: dismiss and notify, webauthn:extension:credBlob: true, webauthn:extension:largeBlob: true, webauthn:virtualAuthenticators: true}
Session ID: 11d5145977cdeb75dd0e2322dc496caa 
2022-08-12 13:58:07,548 INFO  [Log] ************* testAddAddress() Test Finished *************
 
2022-08-12 14:01:09,682 INFO  [Log] ************* testCheckLogin() Test Initiated ************* 
2022-08-12 14:01:09,682 INFO  [Log]               testCheckLogin() PASSED 
2022-08-12 14:01:09,682 INFO  [Log] ************* testCheckLogin() Test Finished *************
 
2022-08-12 14:01:14,293 INFO  [Log] ************* testSearchBook() Test Initiated ************* 
2022-08-12 14:01:14,293 INFO  [Log]               testSearchBook() PASSED 
2022-08-12 14:01:14,293 INFO  [Log] ************* testSearchBook() Test Finished *************
 
2022-08-12 14:01:23,128 INFO  [Log] ************* testSelectRandomBook() Test Initiated ************* 
2022-08-12 14:01:23,128 INFO  [Log]               testSelectRandomBook() PASSED 
2022-08-12 14:01:23,128 INFO  [Log] ************* testSelectRandomBook() Test Finished *************
 
2022-08-12 14:01:31,271 INFO  [Log] ************* testAddToCart() Test Initiated ************* 
2022-08-12 14:01:31,271 INFO  [Log]               testAddToCart() PASSED 
2022-08-12 14:01:31,271 INFO  [Log] ************* testAddToCart() Test Finished *************
 
2022-08-12 14:01:35,336 INFO  [Log] ************* testDoubleTheCart() Test Initiated ************* 
2022-08-12 14:01:35,336 ERROR [Log]               testDoubleTheCart() FAILED with cause : Invalid Cart ==> expected: <true> but was: <false> 
2022-08-12 14:01:35,336 INFO  [Log] ************* testDoubleTheCart() Test Finished *************
 
2022-08-12 14:01:44,701 INFO  [Log] ************* testAddAddress() Test Initiated ************* 
2022-08-12 14:01:44,701 INFO  [Log]               testAddAddress() PASSED 
2022-08-12 14:01:44,701 INFO  [Log] ************* testAddAddress() Test Finished *************
 
2022-08-12 14:01:47,359 INFO  [Log] ************* testSelectShipmentCompany() Test Initiated ************* 
2022-08-12 14:01:47,359 INFO  [Log]               testSelectShipmentCompany() PASSED 
2022-08-12 14:01:47,359 INFO  [Log] ************* testSelectShipmentCompany() Test Finished *************
 
2022-08-12 14:01:54,423 INFO  [Log] ************* testRemoveFromCart() Test Initiated ************* 
2022-08-12 14:01:54,423 INFO  [Log]               testRemoveFromCart() PASSED 
2022-08-12 14:01:54,423 INFO  [Log] ************* testRemoveFromCart() Test Finished *************
 
2022-08-12 14:01:56,517 INFO  [Log] ************* testDeleteAddress() Test Initiated ************* 
2022-08-12 14:01:56,517 INFO  [Log]               testDeleteAddress() PASSED 
2022-08-12 14:01:56,517 INFO  [Log] ************* testDeleteAddress() Test Finished *************
 
2022-08-12 14:01:58,486 INFO  [Log] ************* testLogout() Test Initiated ************* 
2022-08-12 14:01:58,486 INFO  [Log]               testLogout() PASSED 
2022-08-12 14:01:58,486 INFO  [Log] ************* testLogout() Test Finished *************
 
2022-08-12 14:04:19,669 INFO  [Log] ************* testCheckLogin() Test Initiated ************* 
2022-08-12 14:04:19,669 INFO  [Log]               testCheckLogin() PASSED 
2022-08-12 14:04:19,669 INFO  [Log] ************* testCheckLogin() Test Finished *************
 
2022-08-12 14:04:24,891 INFO  [Log] ************* testSearchBook() Test Initiated ************* 
2022-08-12 14:04:24,891 INFO  [Log]               testSearchBook() PASSED 
2022-08-12 14:04:24,891 INFO  [Log] ************* testSearchBook() Test Finished *************
 
2022-08-12 14:04:32,772 INFO  [Log] ************* testSelectRandomBook() Test Initiated ************* 
2022-08-12 14:04:32,772 INFO  [Log]               testSelectRandomBook() PASSED 
2022-08-12 14:04:32,773 INFO  [Log] ************* testSelectRandomBook() Test Finished *************
 
2022-08-12 14:04:41,166 INFO  [Log] ************* testAddToCart() Test Initiated ************* 
2022-08-12 14:04:41,166 INFO  [Log]               testAddToCart() PASSED 
2022-08-12 14:04:41,167 INFO  [Log] ************* testAddToCart() Test Finished *************
 
2022-08-12 14:04:46,428 INFO  [Log] ************* testDoubleTheCart() Test Initiated ************* 
2022-08-12 14:04:46,428 ERROR [Log]               testDoubleTheCart() FAILED with cause : Invalid Cart ==> expected: <true> but was: <false> 
2022-08-12 14:04:46,428 INFO  [Log] ************* testDoubleTheCart() Test Finished *************
 
2022-08-12 14:04:55,351 INFO  [Log] ************* testAddAddress() Test Initiated ************* 
2022-08-12 14:04:55,351 INFO  [Log]               testAddAddress() PASSED 
2022-08-12 14:04:55,352 INFO  [Log] ************* testAddAddress() Test Finished *************
 
2022-08-12 14:04:57,878 INFO  [Log] ************* testSelectShipmentCompany() Test Initiated ************* 
2022-08-12 14:04:57,878 INFO  [Log]               testSelectShipmentCompany() PASSED 
2022-08-12 14:04:57,878 INFO  [Log] ************* testSelectShipmentCompany() Test Finished *************
 
2022-08-12 14:05:04,873 INFO  [Log] ************* testRemoveFromCart() Test Initiated ************* 
2022-08-12 14:05:04,873 INFO  [Log]               testRemoveFromCart() PASSED 
2022-08-12 14:05:04,873 INFO  [Log] ************* testRemoveFromCart() Test Finished *************
 
2022-08-12 14:05:07,947 INFO  [Log] ************* testDeleteAddress() Test Initiated ************* 
2022-08-12 14:05:07,948 INFO  [Log]               testDeleteAddress() PASSED 
2022-08-12 14:05:07,948 INFO  [Log] ************* testDeleteAddress() Test Finished *************
 
2022-08-12 14:05:12,069 INFO  [Log] ************* testLogout() Test Initiated ************* 
2022-08-12 14:05:12,069 INFO  [Log]               testLogout() PASSED 
2022-08-12 14:05:12,069 INFO  [Log] ************* testLogout() Test Finished *************
 
2022-08-12 14:05:58,562 INFO  [Log] ************* testCheckLogin() Test Initiated ************* 
2022-08-12 14:05:58,562 INFO  [Log]               testCheckLogin() PASSED 
2022-08-12 14:05:58,562 INFO  [Log] ************* testCheckLogin() Test Finished *************
 
2022-08-12 14:06:03,626 INFO  [Log] ************* testSearchBook() Test Initiated ************* 
2022-08-12 14:06:03,626 INFO  [Log]               testSearchBook() PASSED 
2022-08-12 14:06:03,626 INFO  [Log] ************* testSearchBook() Test Finished *************
 
2022-08-12 14:06:14,827 INFO  [Log] ************* testSelectRandomBook() Test Initiated ************* 
2022-08-12 14:06:14,827 INFO  [Log]               testSelectRandomBook() PASSED 
2022-08-12 14:06:14,827 INFO  [Log] ************* testSelectRandomBook() Test Finished *************
 
2022-08-12 14:06:24,199 INFO  [Log] ************* testAddToCart() Test Initiated ************* 
2022-08-12 14:06:24,199 INFO  [Log]               testAddToCart() PASSED 
2022-08-12 14:06:24,199 INFO  [Log] ************* testAddToCart() Test Finished *************
 
2022-08-12 14:06:44,036 INFO  [Log] ************* testDoubleTheCart() Test Initiated ************* 
2022-08-12 14:06:44,036 ERROR [Log]               testDoubleTheCart() FAILED with cause : Invalid Cart ==> expected: <true> but was: <false> 
2022-08-12 14:06:44,036 INFO  [Log] ************* testDoubleTheCart() Test Finished *************
 
2022-08-12 14:06:56,216 INFO  [Log] ************* testAddAddress() Test Initiated ************* 
2022-08-12 14:06:56,216 INFO  [Log]               testAddAddress() PASSED 
2022-08-12 14:06:56,216 INFO  [Log] ************* testAddAddress() Test Finished *************
 
2022-08-12 14:06:59,360 INFO  [Log] ************* testSelectShipmentCompany() Test Initiated ************* 
2022-08-12 14:06:59,360 INFO  [Log]               testSelectShipmentCompany() PASSED 
2022-08-12 14:06:59,360 INFO  [Log] ************* testSelectShipmentCompany() Test Finished *************
 
2022-08-12 14:07:06,288 INFO  [Log] ************* testRemoveFromCart() Test Initiated ************* 
2022-08-12 14:07:06,288 INFO  [Log]               testRemoveFromCart() PASSED 
2022-08-12 14:07:06,288 INFO  [Log] ************* testRemoveFromCart() Test Finished *************
 
2022-08-12 14:07:09,394 INFO  [Log] ************* testDeleteAddress() Test Initiated ************* 
2022-08-12 14:07:09,394 INFO  [Log]               testDeleteAddress() PASSED 
2022-08-12 14:07:09,394 INFO  [Log] ************* testDeleteAddress() Test Finished *************
 
2022-08-12 14:07:12,778 INFO  [Log] ************* testLogout() Test Initiated ************* 
2022-08-12 14:07:12,778 INFO  [Log]               testLogout() PASSED 
2022-08-12 14:07:12,778 INFO  [Log] ************* testLogout() Test Finished *************
 
2022-08-12 14:08:03,525 INFO  [Log] ************* testCheckLogin() Test Initiated ************* 
2022-08-12 14:08:03,525 ERROR [Log]               testCheckLogin() FAILED with cause : User Login Failed ==> expected: <true> but was: <false> 
2022-08-12 14:08:03,525 INFO  [Log] ************* testCheckLogin() Test Finished *************
 
2022-08-12 14:08:07,971 INFO  [Log] ************* testSearchBook() Test Initiated ************* 
2022-08-12 14:08:07,971 ERROR [Log]               testSearchBook() FAILED with cause : element click intercepted: Element <span class="common-sprite button-search"></span> is not clickable at point (892, 118). Other element would receive the click: <div style="width: 100%; height: 100%; position: fixed; top: 0px; left: 0px; z-index: 2000000000; background-color: rgb(255, 255, 255); opacity: 0.5;"></div>
  (Session info: chrome=104.0.5112.81)
Build info: version: '4.3.0', revision: 'a4995e2c09*'
System info: host: 'KEREMYAKUT', ip: '10.135.32.30', os.name: 'Windows 11', os.arch: 'amd64', os.version: '10.0', java.version: '18.0.1.1'
Driver info: org.openqa.selenium.chrome.ChromeDriver
Command: [ee2f56b5c1db665739f2215e41a70b7b, clickElement {id=a1f6a0b0-17e7-4606-9e42-7bea0614e9ec}]
Capabilities {acceptInsecureCerts: false, browserName: chrome, browserVersion: 104.0.5112.81, chrome: {chromedriverVersion: 104.0.5112.79 (3cf3e8c8a07d..., userDataDir: C:\Users\kerem\AppData\Loca...}, goog:chromeOptions: {debuggerAddress: localhost:50298}, networkConnectionEnabled: false, pageLoadStrategy: normal, platformName: WINDOWS, proxy: Proxy(), se:cdp: ws://localhost:50298/devtoo..., se:cdpVersion: 104.0.5112.81, setWindowRect: true, strictFileInteractability: false, timeouts: {implicit: 0, pageLoad: 300000, script: 30000}, unhandledPromptBehavior: dismiss and notify, webauthn:extension:credBlob: true, webauthn:extension:largeBlob: true, webauthn:virtualAuthenticators: true}
Element: [[ChromeDriver: chrome on WINDOWS (ee2f56b5c1db665739f2215e41a70b7b)] -> xpath: //span[contains(@class,'search')]]
Session ID: ee2f56b5c1db665739f2215e41a70b7b 
2022-08-12 14:08:07,971 INFO  [Log] ************* testSearchBook() Test Finished *************
 
2022-08-12 14:08:25,659 INFO  [Log] ************* testSelectRandomBook() Test Initiated ************* 
2022-08-12 14:08:25,675 INFO  [Log]               testSelectRandomBook() PASSED 
2022-08-12 14:08:25,675 INFO  [Log] ************* testSelectRandomBook() Test Finished *************
 
2022-08-12 14:08:34,319 INFO  [Log] ************* testAddToCart() Test Initiated ************* 
2022-08-12 14:08:34,319 INFO  [Log]               testAddToCart() PASSED 
2022-08-12 14:08:34,319 INFO  [Log] ************* testAddToCart() Test Finished *************
 
2022-08-12 14:08:39,373 INFO  [Log] ************* testDoubleTheCart() Test Initiated ************* 
2022-08-12 14:08:39,373 ERROR [Log]               testDoubleTheCart() FAILED with cause : Invalid Cart ==> expected: <true> but was: <false> 
2022-08-12 14:08:39,373 INFO  [Log] ************* testDoubleTheCart() Test Finished *************
 
2022-08-12 14:08:48,329 INFO  [Log] ************* testAddAddress() Test Initiated ************* 
2022-08-12 14:08:48,329 INFO  [Log]               testAddAddress() PASSED 
2022-08-12 14:08:48,329 INFO  [Log] ************* testAddAddress() Test Finished *************
 
2022-08-12 14:08:51,597 INFO  [Log] ************* testSelectShipmentCompany() Test Initiated ************* 
2022-08-12 14:08:51,598 INFO  [Log]               testSelectShipmentCompany() PASSED 
2022-08-12 14:08:51,598 INFO  [Log] ************* testSelectShipmentCompany() Test Finished *************
 
2022-08-12 14:08:59,529 INFO  [Log] ************* testRemoveFromCart() Test Initiated ************* 
2022-08-12 14:08:59,529 INFO  [Log]               testRemoveFromCart() PASSED 
2022-08-12 14:08:59,529 INFO  [Log] ************* testRemoveFromCart() Test Finished *************
 
2022-08-12 14:09:02,449 INFO  [Log] ************* testDeleteAddress() Test Initiated ************* 
2022-08-12 14:09:02,449 INFO  [Log]               testDeleteAddress() PASSED 
2022-08-12 14:09:02,449 INFO  [Log] ************* testDeleteAddress() Test Finished *************
 
2022-08-12 14:09:05,041 INFO  [Log] ************* testLogout() Test Initiated ************* 
2022-08-12 14:09:05,042 INFO  [Log]               testLogout() PASSED 
2022-08-12 14:09:05,042 INFO  [Log] ************* testLogout() Test Finished *************
 
2022-08-12 14:09:23,944 INFO  [Log] ************* testCheckLogin() Test Initiated ************* 
2022-08-12 14:09:23,944 INFO  [Log]               testCheckLogin() PASSED 
2022-08-12 14:09:23,944 INFO  [Log] ************* testCheckLogin() Test Finished *************
 
2022-08-12 14:09:29,578 INFO  [Log] ************* testSearchBook() Test Initiated ************* 
2022-08-12 14:09:29,578 INFO  [Log]               testSearchBook() PASSED 
2022-08-12 14:09:29,578 INFO  [Log] ************* testSearchBook() Test Finished *************
 
2022-08-12 14:09:38,592 INFO  [Log] ************* testSelectRandomBook() Test Initiated ************* 
2022-08-12 14:09:38,592 INFO  [Log]               testSelectRandomBook() PASSED 
2022-08-12 14:09:38,592 INFO  [Log] ************* testSelectRandomBook() Test Finished *************
 
2022-08-12 14:09:47,538 INFO  [Log] ************* testAddToCart() Test Initiated ************* 
2022-08-12 14:09:47,538 INFO  [Log]               testAddToCart() PASSED 
2022-08-12 14:09:47,538 INFO  [Log] ************* testAddToCart() Test Finished *************
 
2022-08-12 14:11:28,681 INFO  [Log] ************* testDoubleTheCart() Test Initiated ************* 
2022-08-12 14:11:28,681 ERROR [Log]               testDoubleTheCart() FAILED with cause : Invalid Cart ==> expected: <true> but was: <false> 
2022-08-12 14:11:28,681 INFO  [Log] ************* testDoubleTheCart() Test Finished *************
 
2022-08-12 14:12:22,272 INFO  [Log] ************* testCheckLogin() Test Initiated ************* 
2022-08-12 14:12:22,272 INFO  [Log]               testCheckLogin() PASSED 
2022-08-12 14:12:22,272 INFO  [Log] ************* testCheckLogin() Test Finished *************
 
2022-08-12 14:12:28,071 INFO  [Log] ************* testSearchBook() Test Initiated ************* 
2022-08-12 14:12:28,072 INFO  [Log]               testSearchBook() PASSED 
2022-08-12 14:12:28,072 INFO  [Log] ************* testSearchBook() Test Finished *************
 
2022-08-12 14:12:41,746 INFO  [Log] ************* testSelectRandomBook() Test Initiated ************* 
2022-08-12 14:12:41,746 INFO  [Log]               testSelectRandomBook() PASSED 
2022-08-12 14:12:41,746 INFO  [Log] ************* testSelectRandomBook() Test Finished *************
 
2022-08-12 14:12:50,996 INFO  [Log] ************* testAddToCart() Test Initiated ************* 
2022-08-12 14:12:50,996 INFO  [Log]               testAddToCart() PASSED 
2022-08-12 14:12:50,996 INFO  [Log] ************* testAddToCart() Test Finished *************
 
2022-08-12 14:13:11,047 INFO  [Log] ************* testDoubleTheCart() Test Initiated ************* 
2022-08-12 14:13:11,047 ERROR [Log]               testDoubleTheCart() FAILED with cause : no such element: Unable to locate element: {"method":"css selector","selector":"*[name='quantity']"}
  (Session info: chrome=104.0.5112.81)
For documentation on this error, please visit: https://selenium.dev/exceptions/#no_such_element
Build info: version: '4.3.0', revision: 'a4995e2c09*'
System info: host: 'KEREMYAKUT', ip: '10.135.32.30', os.name: 'Windows 11', os.arch: 'amd64', os.version: '10.0', java.version: '18.0.1.1'
Driver info: org.openqa.selenium.chrome.ChromeDriver
Command: [b8b50b77ea8ad814b1fdadcc2548ee26, findElement {using=name, value=quantity}]
Capabilities {acceptInsecureCerts: false, browserName: chrome, browserVersion: 104.0.5112.81, chrome: {chromedriverVersion: 104.0.5112.79 (3cf3e8c8a07d..., userDataDir: C:\Users\kerem\AppData\Loca...}, goog:chromeOptions: {debuggerAddress: localhost:51260}, networkConnectionEnabled: false, pageLoadStrategy: normal, platformName: WINDOWS, proxy: Proxy(), se:cdp: ws://localhost:51260/devtoo..., se:cdpVersion: 104.0.5112.81, setWindowRect: true, strictFileInteractability: false, timeouts: {implicit: 0, pageLoad: 300000, script: 30000}, unhandledPromptBehavior: dismiss and notify, webauthn:extension:credBlob: true, webauthn:extension:largeBlob: true, webauthn:virtualAuthenticators: true}
Session ID: b8b50b77ea8ad814b1fdadcc2548ee26 
2022-08-12 14:13:11,047 INFO  [Log] ************* testDoubleTheCart() Test Finished *************
 
2022-08-12 14:13:20,100 INFO  [Log] ************* testAddAddress() Test Initiated ************* 
2022-08-12 14:13:20,100 INFO  [Log]               testAddAddress() PASSED 
2022-08-12 14:13:20,100 INFO  [Log] ************* testAddAddress() Test Finished *************
 
2022-08-12 14:13:23,412 INFO  [Log] ************* testSelectShipmentCompany() Test Initiated ************* 
2022-08-12 14:13:23,412 INFO  [Log]               testSelectShipmentCompany() PASSED 
2022-08-12 14:13:23,412 INFO  [Log] ************* testSelectShipmentCompany() Test Finished *************
 
2022-08-12 14:13:30,793 INFO  [Log] ************* testRemoveFromCart() Test Initiated ************* 
2022-08-12 14:13:30,794 INFO  [Log]               testRemoveFromCart() PASSED 
2022-08-12 14:13:30,794 INFO  [Log] ************* testRemoveFromCart() Test Finished *************
 
2022-08-12 14:13:33,612 INFO  [Log] ************* testDeleteAddress() Test Initiated ************* 
2022-08-12 14:13:33,612 INFO  [Log]               testDeleteAddress() PASSED 
2022-08-12 14:13:33,612 INFO  [Log] ************* testDeleteAddress() Test Finished *************
 
2022-08-12 14:13:35,974 INFO  [Log] ************* testLogout() Test Initiated ************* 
2022-08-12 14:13:35,974 INFO  [Log]               testLogout() PASSED 
2022-08-12 14:13:35,974 INFO  [Log] ************* testLogout() Test Finished *************
 
2022-08-12 14:14:37,650 INFO  [Log] ************* testCheckLogin() Test Initiated ************* 
2022-08-12 14:14:37,650 INFO  [Log]               testCheckLogin() PASSED 
2022-08-12 14:14:37,650 INFO  [Log] ************* testCheckLogin() Test Finished *************
 
2022-08-12 14:14:41,737 INFO  [Log] ************* testSearchBook() Test Initiated ************* 
2022-08-12 14:14:41,737 INFO  [Log]               testSearchBook() PASSED 
2022-08-12 14:14:41,737 INFO  [Log] ************* testSearchBook() Test Finished *************
 
2022-08-12 14:14:48,306 INFO  [Log] ************* testSelectRandomBook() Test Initiated ************* 
2022-08-12 14:14:48,306 INFO  [Log]               testSelectRandomBook() PASSED 
2022-08-12 14:14:48,306 INFO  [Log] ************* testSelectRandomBook() Test Finished *************
 
2022-08-12 14:14:57,150 INFO  [Log] ************* testAddToCart() Test Initiated ************* 
2022-08-12 14:14:57,151 INFO  [Log]               testAddToCart() PASSED 
2022-08-12 14:14:57,151 INFO  [Log] ************* testAddToCart() Test Finished *************
 
2022-08-12 14:15:15,017 INFO  [Log] ************* testDoubleTheCart() Test Initiated ************* 
2022-08-12 14:15:15,017 ERROR [Log]               testDoubleTheCart() FAILED with cause : Invalid Cart ==> expected: <true> but was: <false> 
2022-08-12 14:15:15,017 INFO  [Log] ************* testDoubleTheCart() Test Finished *************
 
2022-08-12 14:15:24,311 INFO  [Log] ************* testAddAddress() Test Initiated ************* 
2022-08-12 14:15:24,311 INFO  [Log]               testAddAddress() PASSED 
2022-08-12 14:15:24,311 INFO  [Log] ************* testAddAddress() Test Finished *************
 
2022-08-12 14:15:27,508 INFO  [Log] ************* testSelectShipmentCompany() Test Initiated ************* 
2022-08-12 14:15:27,508 INFO  [Log]               testSelectShipmentCompany() PASSED 
2022-08-12 14:15:27,509 INFO  [Log] ************* testSelectShipmentCompany() Test Finished *************
 
2022-08-12 14:15:34,556 INFO  [Log] ************* testRemoveFromCart() Test Initiated ************* 
2022-08-12 14:15:34,556 INFO  [Log]               testRemoveFromCart() PASSED 
2022-08-12 14:15:34,556 INFO  [Log] ************* testRemoveFromCart() Test Finished *************
 
2022-08-12 14:15:37,756 INFO  [Log] ************* testDeleteAddress() Test Initiated ************* 
2022-08-12 14:15:37,756 INFO  [Log]               testDeleteAddress() PASSED 
2022-08-12 14:15:37,756 INFO  [Log] ************* testDeleteAddress() Test Finished *************
 
2022-08-12 14:15:39,786 INFO  [Log] ************* testLogout() Test Initiated ************* 
2022-08-12 14:15:39,787 INFO  [Log]               testLogout() PASSED 
2022-08-12 14:15:39,787 INFO  [Log] ************* testLogout() Test Finished *************
 
2022-08-12 14:17:12,681 INFO  [Log] ************* testCheckLogin() Test Initiated ************* 
2022-08-12 14:17:12,682 INFO  [Log]               testCheckLogin() PASSED 
2022-08-12 14:17:12,682 INFO  [Log] ************* testCheckLogin() Test Finished *************
 
2022-08-12 14:17:19,103 INFO  [Log] ************* testSearchBook() Test Initiated ************* 
2022-08-12 14:17:19,103 INFO  [Log]               testSearchBook() PASSED 
2022-08-12 14:17:19,103 INFO  [Log] ************* testSearchBook() Test Finished *************
 
2022-08-12 14:17:31,140 INFO  [Log] ************* testSelectRandomBook() Test Initiated ************* 
2022-08-12 14:17:31,140 INFO  [Log]               testSelectRandomBook() PASSED 
2022-08-12 14:17:31,140 INFO  [Log] ************* testSelectRandomBook() Test Finished *************
 
2022-08-12 14:17:39,056 INFO  [Log] ************* testAddToCart() Test Initiated ************* 
2022-08-12 14:17:39,056 INFO  [Log]               testAddToCart() PASSED 
2022-08-12 14:17:39,056 INFO  [Log] ************* testAddToCart() Test Finished *************
 
2022-08-12 14:17:42,125 INFO  [Log] ************* testDoubleTheCart() Test Initiated ************* 
2022-08-12 14:17:42,125 INFO  [Log]               testDoubleTheCart() PASSED 
2022-08-12 14:17:42,125 INFO  [Log] ************* testDoubleTheCart() Test Finished *************
 
2022-08-12 14:17:50,994 INFO  [Log] ************* testAddAddress() Test Initiated ************* 
2022-08-12 14:17:50,994 INFO  [Log]               testAddAddress() PASSED 
2022-08-12 14:17:50,994 INFO  [Log] ************* testAddAddress() Test Finished *************
 
2022-08-12 14:17:54,543 INFO  [Log] ************* testSelectShipmentCompany() Test Initiated ************* 
2022-08-12 14:17:54,543 INFO  [Log]               testSelectShipmentCompany() PASSED 
2022-08-12 14:17:54,543 INFO  [Log] ************* testSelectShipmentCompany() Test Finished *************
 
2022-08-12 14:18:01,898 INFO  [Log] ************* testRemoveFromCart() Test Initiated ************* 
2022-08-12 14:18:01,899 INFO  [Log]               testRemoveFromCart() PASSED 
2022-08-12 14:18:01,899 INFO  [Log] ************* testRemoveFromCart() Test Finished *************
 
2022-08-12 14:18:08,712 INFO  [Log] ************* testDeleteAddress() Test Initiated ************* 
2022-08-12 14:18:08,712 INFO  [Log]               testDeleteAddress() PASSED 
2022-08-12 14:18:08,712 INFO  [Log] ************* testDeleteAddress() Test Finished *************
 
2022-08-12 14:18:11,366 INFO  [Log] ************* testLogout() Test Initiated ************* 
2022-08-12 14:18:11,367 INFO  [Log]               testLogout() PASSED 
2022-08-12 14:18:11,367 INFO  [Log] ************* testLogout() Test Finished *************
 
2022-08-12 14:22:27,149 INFO  [Log] ************* testCheckLogin() Test Initiated ************* 
2022-08-12 14:22:27,155 INFO  [Log]               testCheckLogin() PASSED 
2022-08-12 14:22:27,156 INFO  [Log] ************* testCheckLogin() Test Finished *************
 
2022-08-12 14:22:32,184 INFO  [Log] ************* testSearchBook() Test Initiated ************* 
2022-08-12 14:22:32,184 INFO  [Log]               testSearchBook() PASSED 
2022-08-12 14:22:32,184 INFO  [Log] ************* testSearchBook() Test Finished *************
 
2022-08-12 14:22:39,009 INFO  [Log] ************* testSelectRandomBook() Test Initiated ************* 
2022-08-12 14:22:39,009 INFO  [Log]               testSelectRandomBook() PASSED 
2022-08-12 14:22:39,009 INFO  [Log] ************* testSelectRandomBook() Test Finished *************
 
2022-08-12 14:22:47,671 INFO  [Log] ************* testAddToCart() Test Initiated ************* 
2022-08-12 14:22:47,671 INFO  [Log]               testAddToCart() PASSED 
2022-08-12 14:22:47,671 INFO  [Log] ************* testAddToCart() Test Finished *************
 
2022-08-12 14:22:51,386 INFO  [Log] ************* testDoubleTheCart() Test Initiated ************* 
2022-08-12 14:22:51,386 INFO  [Log]               testDoubleTheCart() PASSED 
2022-08-12 14:22:51,386 INFO  [Log] ************* testDoubleTheCart() Test Finished *************
 
2022-08-12 14:23:02,926 INFO  [Log] ************* testAddAddress() Test Initiated ************* 
2022-08-12 14:23:02,928 ERROR [Log]               testAddAddress() FAILED with cause : Can Not Add New Address ==> expected: <true> but was: <false> 
2022-08-12 14:23:02,928 INFO  [Log] ************* testAddAddress() Test Finished *************
 
2022-08-12 14:23:06,730 INFO  [Log] ************* testSelectShipmentCompany() Test Initiated ************* 
2022-08-12 14:23:06,730 INFO  [Log]               testSelectShipmentCompany() PASSED 
2022-08-12 14:23:06,730 INFO  [Log] ************* testSelectShipmentCompany() Test Finished *************
 
2022-08-12 14:23:14,586 INFO  [Log] ************* testRemoveFromCart() Test Initiated ************* 
2022-08-12 14:23:14,586 INFO  [Log]               testRemoveFromCart() PASSED 
2022-08-12 14:23:14,586 INFO  [Log] ************* testRemoveFromCart() Test Finished *************
 
2022-08-12 14:23:18,869 INFO  [Log] ************* testDeleteAddress() Test Initiated ************* 
2022-08-12 14:23:18,870 INFO  [Log]               testDeleteAddress() PASSED 
2022-08-12 14:23:18,870 INFO  [Log] ************* testDeleteAddress() Test Finished *************
 
2022-08-12 14:23:21,946 INFO  [Log] ************* testLogout() Test Initiated ************* 
2022-08-12 14:23:21,946 INFO  [Log]               testLogout() PASSED 
2022-08-12 14:23:21,946 INFO  [Log] ************* testLogout() Test Finished *************
 
2022-08-12 14:24:03,200 INFO  [Log] ************* testCheckLogin() Test Initiated ************* 
2022-08-12 14:24:03,202 INFO  [Log]               testCheckLogin() PASSED 
2022-08-12 14:24:03,202 INFO  [Log] ************* testCheckLogin() Test Finished *************
 
2022-08-12 14:24:07,969 INFO  [Log] ************* testSearchBook() Test Initiated ************* 
2022-08-12 14:24:07,969 INFO  [Log]               testSearchBook() PASSED 
2022-08-12 14:24:07,969 INFO  [Log] ************* testSearchBook() Test Finished *************
 
2022-08-12 14:24:15,708 INFO  [Log] ************* testSelectRandomBook() Test Initiated ************* 
2022-08-12 14:24:15,708 INFO  [Log]               testSelectRandomBook() PASSED 
2022-08-12 14:24:15,709 INFO  [Log] ************* testSelectRandomBook() Test Finished *************
 
2022-08-12 14:24:24,975 INFO  [Log] ************* testAddToCart() Test Initiated ************* 
2022-08-12 14:24:24,975 INFO  [Log]               testAddToCart() PASSED 
2022-08-12 14:24:24,975 INFO  [Log] ************* testAddToCart() Test Finished *************
 
2022-08-12 14:24:28,809 INFO  [Log] ************* testDoubleTheCart() Test Initiated ************* 
2022-08-12 14:24:28,809 INFO  [Log]               testDoubleTheCart() PASSED 
2022-08-12 14:24:28,810 INFO  [Log] ************* testDoubleTheCart() Test Finished *************
 
2022-08-12 14:24:41,695 INFO  [Log] ************* testAddAddress() Test Initiated ************* 
2022-08-12 14:24:41,695 INFO  [Log]               testAddAddress() PASSED 
2022-08-12 14:24:41,695 INFO  [Log] ************* testAddAddress() Test Finished *************
 
2022-08-12 14:24:44,326 INFO  [Log] ************* testSelectShipmentCompany() Test Initiated ************* 
2022-08-12 14:24:44,326 INFO  [Log]               testSelectShipmentCompany() PASSED 
2022-08-12 14:24:44,326 INFO  [Log] ************* testSelectShipmentCompany() Test Finished *************
 
2022-08-12 14:24:52,107 INFO  [Log] ************* testRemoveFromCart() Test Initiated ************* 
2022-08-12 14:24:52,107 INFO  [Log]               testRemoveFromCart() PASSED 
2022-08-12 14:24:52,107 INFO  [Log] ************* testRemoveFromCart() Test Finished *************
 
2022-08-12 14:24:55,382 INFO  [Log] ************* testDeleteAddress() Test Initiated ************* 
2022-08-12 14:24:55,383 INFO  [Log]               testDeleteAddress() PASSED 
2022-08-12 14:24:55,383 INFO  [Log] ************* testDeleteAddress() Test Finished *************
 
2022-08-12 14:24:58,260 INFO  [Log] ************* testLogout() Test Initiated ************* 
2022-08-12 14:24:58,260 INFO  [Log]               testLogout() PASSED 
2022-08-12 14:24:58,260 INFO  [Log] ************* testLogout() Test Finished *************
 
2022-08-12 14:28:32,675 INFO  [Log] ************* testCheckLogin() Test Initiated ************* 
2022-08-12 14:28:32,675 INFO  [Log]               testCheckLogin() PASSED 
2022-08-12 14:28:32,675 INFO  [Log] ************* testCheckLogin() Test Finished *************
 
2022-08-12 14:28:37,776 INFO  [Log] ************* testSearchBook() Test Initiated ************* 
2022-08-12 14:28:37,776 INFO  [Log]               testSearchBook() PASSED 
2022-08-12 14:28:37,777 INFO  [Log] ************* testSearchBook() Test Finished *************
 
2022-08-12 14:28:44,617 INFO  [Log] ************* testSelectRandomBook() Test Initiated ************* 
2022-08-12 14:28:44,617 INFO  [Log]               testSelectRandomBook() PASSED 
2022-08-12 14:28:44,618 INFO  [Log] ************* testSelectRandomBook() Test Finished *************
 
2022-08-12 14:28:53,304 INFO  [Log] ************* testAddToCart() Test Initiated ************* 
2022-08-12 14:28:53,305 ERROR [Log]               testAddToCart() FAILED with cause : Invalid Cart ==> expected: <true> but was: <false> 
2022-08-12 14:28:53,305 INFO  [Log] ************* testAddToCart() Test Finished *************
 
2022-08-12 14:28:56,563 INFO  [Log] ************* testDoubleTheCart() Test Initiated ************* 
2022-08-12 14:28:56,563 INFO  [Log]               testDoubleTheCart() PASSED 
2022-08-12 14:28:56,563 INFO  [Log] ************* testDoubleTheCart() Test Finished *************
 
2022-08-12 14:29:07,618 INFO  [Log] ************* testAddAddress() Test Initiated ************* 
2022-08-12 14:29:07,618 INFO  [Log]               testAddAddress() PASSED 
2022-08-12 14:29:07,618 INFO  [Log] ************* testAddAddress() Test Finished *************
 
2022-08-12 14:29:12,152 INFO  [Log] ************* testSelectShipmentCompany() Test Initiated ************* 
2022-08-12 14:29:12,152 INFO  [Log]               testSelectShipmentCompany() PASSED 
2022-08-12 14:29:12,152 INFO  [Log] ************* testSelectShipmentCompany() Test Finished *************
 
2022-08-12 14:29:19,723 INFO  [Log] ************* testRemoveFromCart() Test Initiated ************* 
2022-08-12 14:29:19,723 INFO  [Log]               testRemoveFromCart() PASSED 
2022-08-12 14:29:19,723 INFO  [Log] ************* testRemoveFromCart() Test Finished *************
 
2022-08-12 14:29:23,666 INFO  [Log] ************* testDeleteAddress() Test Initiated ************* 
2022-08-12 14:29:23,666 INFO  [Log]               testDeleteAddress() PASSED 
2022-08-12 14:29:23,666 INFO  [Log] ************* testDeleteAddress() Test Finished *************
 
2022-08-12 14:29:26,936 INFO  [Log] ************* testLogout() Test Initiated ************* 
2022-08-12 14:29:26,936 INFO  [Log]               testLogout() PASSED 
2022-08-12 14:29:26,937 INFO  [Log] ************* testLogout() Test Finished *************
 
